2022/01/07 18:47:12 [notice] 1#1: using the "epoll" event method
2022/01/07 18:47:12 [notice] 1#1: nginx/1.21.5
2022/01/07 18:47:12 [notice] 1#1: built by gcc 10.2.1 20210110 (Debian 10.2.1-6) 
2022/01/07 18:47:12 [notice] 1#1: OS: Linux 5.10.0-1053-oem
2022/01/07 18:47:12 [notice] 1#1: getrlimit(RLIMIT_NOFILE): 1048576:1048576
2022/01/07 18:47:12 [notice] 1#1: start worker processes
2022/01/07 18:47:12 [notice] 1#1: start worker process 30
2022/01/07 18:47:12 [notice] 1#1: start worker process 31
2022/01/07 18:47:12 [notice] 1#1: start worker process 32
2022/01/07 18:47:12 [notice] 1#1: start worker process 33
2022/01/07 18:47:12 [notice] 1#1: start worker process 34
2022/01/07 18:47:12 [notice] 1#1: start worker process 35
2022/01/07 18:47:12 [notice] 1#1: start worker process 36
2022/01/07 18:47:12 [notice] 1#1: start worker process 37
2022/01/10 03:08:26 [error] 30#30: *10 open() "/var/www/public/admin/clients" failed (2: No such file or directory), client: 172.18.0.1, server: localhost, request: "GET /admin/clients HTTP/1.1", host: "localhost:8001"
2022/01/10 03:09:24 [error] 30#30: *10 open() "/var/www/public/admin/clients" failed (2: No such file or directory), client: 172.18.0.1, server: localhost, request: "GET /admin/clients HTTP/1.1", host: "localhost:8001"
2022/01/10 03:09:48 [error] 30#30: *10 open() "/var/www/public/admin/clients" failed (2: No such file or directory), client: 172.18.0.1, server: localhost, request: "GET /admin/clients HTTP/1.1", host: "localhost:8001"
2022/01/10 03:11:20 [error] 30#30: *14 open() "/var/www/public/admin/clients" failed (2: No such file or directory), client: 172.18.0.1, server: localhost, request: "GET /admin/clients HTTP/1.1", host: "localhost:8001"
2022/01/10 03:15:14 [error] 31#31: *17 open() "/var/www/public/admin/clients" failed (2: No such file or directory), client: 172.18.0.1, server: localhost, request: "GET /admin/clients HTTP/1.1", host: "localhost:8001"
2022/01/10 03:15:25 [notice] 1#1: signal 3 (SIGQUIT) received, shutting down
2022/01/10 03:15:25 [notice] 30#30: gracefully shutting down
2022/01/10 03:15:25 [notice] 31#31: gracefully shutting down
2022/01/10 03:15:25 [notice] 32#32: gracefully shutting down
2022/01/10 03:15:25 [notice] 34#34: gracefully shutting down
2022/01/10 03:15:25 [notice] 33#33: gracefully shutting down
2022/01/10 03:15:25 [notice] 36#36: gracefully shutting down
2022/01/10 03:15:25 [notice] 35#35: gracefully shutting down
2022/01/10 03:15:25 [notice] 37#37: gracefully shutting down
2022/01/10 03:15:25 [notice] 32#32: exiting
2022/01/10 03:15:25 [notice] 33#33: exiting
2022/01/10 03:15:25 [notice] 34#34: exiting
2022/01/10 03:15:25 [notice] 36#36: exiting
2022/01/10 03:15:25 [notice] 32#32: exit
2022/01/10 03:15:25 [notice] 33#33: exit
2022/01/10 03:15:25 [notice] 34#34: exit
2022/01/10 03:15:25 [notice] 31#31: exiting
2022/01/10 03:15:25 [notice] 36#36: exit
2022/01/10 03:15:25 [notice] 31#31: exit
2022/01/10 03:15:25 [notice] 35#35: exiting
2022/01/10 03:15:25 [notice] 35#35: exit
2022/01/10 03:15:25 [notice] 37#37: exiting
2022/01/10 03:15:25 [notice] 37#37: exit
2022/01/10 03:15:25 [notice] 1#1: signal 17 (SIGCHLD) received from 34
2022/01/10 03:15:25 [notice] 1#1: worker process 34 exited with code 0
2022/01/10 03:15:25 [notice] 1#1: signal 29 (SIGIO) received
2022/01/10 03:15:25 [notice] 1#1: signal 17 (SIGCHLD) received from 35
2022/01/10 03:15:25 [notice] 1#1: worker process 35 exited with code 0
2022/01/10 03:15:25 [notice] 1#1: signal 29 (SIGIO) received
2022/01/10 03:15:25 [notice] 1#1: signal 17 (SIGCHLD) received from 36
2022/01/10 03:15:25 [notice] 1#1: worker process 36 exited with code 0
2022/01/10 03:15:25 [notice] 1#1: signal 29 (SIGIO) received
2022/01/10 03:15:25 [notice] 1#1: signal 17 (SIGCHLD) received from 33
2022/01/10 03:15:25 [notice] 1#1: worker process 32 exited with code 0
2022/01/10 03:15:25 [notice] 1#1: worker process 33 exited with code 0
2022/01/10 03:15:25 [notice] 1#1: worker process 37 exited with code 0
2022/01/10 03:15:25 [notice] 1#1: signal 29 (SIGIO) received
2022/01/10 03:15:25 [notice] 1#1: signal 17 (SIGCHLD) received from 31
2022/01/10 03:15:25 [notice] 1#1: worker process 31 exited with code 0
2022/01/10 03:15:25 [notice] 1#1: signal 29 (SIGIO) received
2022/01/10 03:16:10 [notice] 1#1: using the "epoll" event method
2022/01/10 03:16:10 [notice] 1#1: nginx/1.21.5
2022/01/10 03:16:10 [notice] 1#1: built by gcc 10.2.1 20210110 (Debian 10.2.1-6) 
2022/01/10 03:16:10 [notice] 1#1: OS: Linux 5.10.0-1053-oem
2022/01/10 03:16:10 [notice] 1#1: getrlimit(RLIMIT_NOFILE): 1048576:1048576
2022/01/10 03:16:10 [notice] 1#1: start worker processes
2022/01/10 03:16:10 [notice] 1#1: start worker process 30
2022/01/10 03:16:10 [notice] 1#1: start worker process 31
2022/01/10 03:16:10 [notice] 1#1: start worker process 32
2022/01/10 03:16:10 [notice] 1#1: start worker process 33
2022/01/10 03:16:10 [notice] 1#1: start worker process 34
2022/01/10 03:16:10 [notice] 1#1: start worker process 35
2022/01/10 03:16:10 [notice] 1#1: start worker process 36
2022/01/10 03:16:10 [notice] 1#1: start worker process 37
2022/01/10 03:16:20 [error] 30#30: *2 open() "/var/www/public/admin/clients" failed (2: No such file or directory), client: 172.18.0.1, server: localhost, request: "GET /admin/clients HTTP/1.1", host: "localhost:8001"
2022/01/10 03:16:40 [error] 30#30: *2 open() "/var/www/public/admin/clients" failed (2: No such file or directory), client: 172.18.0.1, server: localhost, request: "GET /admin/clients HTTP/1.1", host: "localhost:8001"
2022/01/10 03:16:40 [error] 30#30: *2 open() "/var/www/public/admin/clients" failed (2: No such file or directory), client: 172.18.0.1, server: localhost, request: "GET /admin/clients HTTP/1.1", host: "localhost:8001"
2022/01/10 03:16:41 [error] 30#30: *2 open() "/var/www/public/admin/clients" failed (2: No such file or directory), client: 172.18.0.1, server: localhost, request: "GET /admin/clients HTTP/1.1", host: "localhost:8001"
2022/01/10 03:16:41 [error] 30#30: *2 open() "/var/www/public/admin/clients" failed (2: No such file or directory), client: 172.18.0.1, server: localhost, request: "GET /admin/clients HTTP/1.1", host: "localhost:8001"
2022/01/10 03:19:38 [notice] 1#1: signal 3 (SIGQUIT) received, shutting down
2022/01/10 03:19:38 [notice] 34#34: gracefully shutting down
2022/01/10 03:19:38 [notice] 31#31: gracefully shutting down
2022/01/10 03:19:38 [notice] 33#33: gracefully shutting down
2022/01/10 03:19:38 [notice] 37#37: gracefully shutting down
2022/01/10 03:19:38 [notice] 34#34: exiting
2022/01/10 03:19:38 [notice] 31#31: exiting
2022/01/10 03:19:38 [notice] 33#33: exiting
2022/01/10 03:19:38 [notice] 37#37: exiting
2022/01/10 03:19:38 [notice] 31#31: exit
2022/01/10 03:19:38 [notice] 34#34: exit
2022/01/10 03:19:38 [notice] 33#33: exit
2022/01/10 03:19:38 [notice] 37#37: exit
2022/01/10 03:19:38 [notice] 35#35: gracefully shutting down
2022/01/10 03:19:38 [notice] 32#32: gracefully shutting down
2022/01/10 03:19:38 [notice] 35#35: exiting
2022/01/10 03:19:38 [notice] 32#32: exiting
2022/01/10 03:19:38 [notice] 35#35: exit
2022/01/10 03:19:38 [notice] 32#32: exit
2022/01/10 03:19:38 [notice] 30#30: gracefully shutting down
2022/01/10 03:19:38 [notice] 30#30: exiting
2022/01/10 03:19:38 [notice] 36#36: gracefully shutting down
2022/01/10 03:19:38 [notice] 30#30: exit
2022/01/10 03:19:38 [notice] 36#36: exiting
2022/01/10 03:19:38 [notice] 36#36: exit
2022/01/10 03:19:38 [notice] 1#1: signal 17 (SIGCHLD) received from 30
2022/01/10 03:19:38 [notice] 1#1: worker process 30 exited with code 0
2022/01/10 03:19:38 [notice] 1#1: worker process 34 exited with code 0
2022/01/10 03:19:38 [notice] 1#1: worker process 37 exited with code 0
2022/01/10 03:19:38 [notice] 1#1: signal 29 (SIGIO) received
2022/01/10 03:19:38 [notice] 1#1: signal 17 (SIGCHLD) received from 31
2022/01/10 03:19:38 [notice] 1#1: worker process 31 exited with code 0
2022/01/10 03:19:38 [notice] 1#1: signal 29 (SIGIO) received
2022/01/10 03:19:38 [notice] 1#1: signal 17 (SIGCHLD) received from 32
2022/01/10 03:19:38 [notice] 1#1: worker process 32 exited with code 0
2022/01/10 03:19:38 [notice] 1#1: signal 29 (SIGIO) received
2022/01/10 03:19:38 [notice] 1#1: signal 17 (SIGCHLD) received from 33
2022/01/10 03:19:38 [notice] 1#1: worker process 33 exited with code 0
2022/01/10 03:19:38 [notice] 1#1: worker process 35 exited with code 0
2022/01/10 03:19:38 [notice] 1#1: signal 17 (SIGCHLD) received from 35
2022/01/10 03:19:38 [notice] 1#1: worker process 36 exited with code 0
2022/01/10 03:19:38 [notice] 1#1: exit
2022/01/10 03:19:48 [notice] 1#1: using the "epoll" event method
2022/01/10 03:19:48 [notice] 1#1: nginx/1.21.5
2022/01/10 03:19:48 [notice] 1#1: built by gcc 10.2.1 20210110 (Debian 10.2.1-6) 
2022/01/10 03:19:48 [notice] 1#1: OS: Linux 5.10.0-1053-oem
2022/01/10 03:19:48 [notice] 1#1: getrlimit(RLIMIT_NOFILE): 1048576:1048576
2022/01/10 03:19:48 [notice] 1#1: start worker processes
2022/01/10 03:19:48 [notice] 1#1: start worker process 30
2022/01/10 03:19:48 [notice] 1#1: start worker process 31
2022/01/10 03:19:48 [notice] 1#1: start worker process 32
2022/01/10 03:19:48 [notice] 1#1: start worker process 33
2022/01/10 03:19:48 [notice] 1#1: start worker process 34
2022/01/10 03:19:48 [notice] 1#1: start worker process 35
2022/01/10 03:19:48 [notice] 1#1: start worker process 36
2022/01/10 03:19:48 [notice] 1#1: start worker process 37
2022/01/10 03:20:04 [error] 30#30: *1 open() "/var/www/public/admin/clients" failed (2: No such file or directory), client: 172.18.0.1, server: localhost, request: "GET /admin/clients HTTP/1.1", host: "localhost:8001"
2022/01/10 03:20:05 [error] 30#30: *1 open() "/var/www/public/admin/clients" failed (2: No such file or directory), client: 172.18.0.1, server: localhost, request: "GET /admin/clients HTTP/1.1", host: "localhost:8001"
2022/01/10 03:21:46 [error] 31#31: *4 open() "/var/www/public/admin/clients" failed (2: No such file or directory), client: 172.18.0.1, server: localhost, request: "GET /admin/clients HTTP/1.1", host: "localhost:8001"
2022/01/10 03:21:47 [error] 31#31: *4 open() "/var/www/public/admin/clients" failed (2: No such file or directory), client: 172.18.0.1, server: localhost, request: "GET /admin/clients HTTP/1.1", host: "localhost:8001"
2022/01/10 03:21:47 [error] 31#31: *4 open() "/var/www/public/admin/clients" failed (2: No such file or directory), client: 172.18.0.1, server: localhost, request: "GET /admin/clients HTTP/1.1", host: "localhost:8001"
2022/01/10 03:22:11 [notice] 1#1: signal 3 (SIGQUIT) received, shutting down
2022/01/10 03:22:11 [notice] 32#32: gracefully shutting down
2022/01/10 03:22:11 [notice] 32#32: exiting
2022/01/10 03:22:11 [notice] 32#32: exit
2022/01/10 03:22:11 [notice] 33#33: gracefully shutting down
2022/01/10 03:22:11 [notice] 34#34: gracefully shutting down
2022/01/10 03:22:11 [notice] 35#35: gracefully shutting down
2022/01/10 03:22:11 [notice] 30#30: gracefully shutting down
2022/01/10 03:22:11 [notice] 36#36: gracefully shutting down
2022/01/10 03:22:11 [notice] 33#33: exiting
2022/01/10 03:22:11 [notice] 34#34: exiting
2022/01/10 03:22:11 [notice] 35#35: exiting
2022/01/10 03:22:11 [notice] 36#36: exiting
2022/01/10 03:22:11 [notice] 31#31: gracefully shutting down
2022/01/10 03:22:11 [notice] 35#35: exit
2022/01/10 03:22:11 [notice] 34#34: exit
2022/01/10 03:22:11 [notice] 36#36: exit
2022/01/10 03:22:11 [notice] 33#33: exit
2022/01/10 03:22:11 [notice] 31#31: exiting
2022/01/10 03:22:11 [notice] 31#31: exit
2022/01/10 03:22:11 [notice] 37#37: gracefully shutting down
2022/01/10 03:22:11 [notice] 37#37: exiting
2022/01/10 03:22:11 [notice] 37#37: exit
2022/01/10 03:22:11 [notice] 1#1: signal 17 (SIGCHLD) received from 31
2022/01/10 03:22:11 [notice] 1#1: worker process 31 exited with code 0
2022/01/10 03:22:11 [notice] 1#1: worker process 32 exited with code 0
2022/01/10 03:22:11 [notice] 1#1: worker process 33 exited with code 0
2022/01/10 03:22:11 [notice] 1#1: worker process 34 exited with code 0
2022/01/10 03:22:11 [notice] 1#1: worker process 36 exited with code 0
2022/01/10 03:22:11 [notice] 1#1: signal 29 (SIGIO) received
2022/01/10 03:22:11 [notice] 1#1: signal 17 (SIGCHLD) received from 33
2022/01/10 03:22:11 [notice] 1#1: signal 17 (SIGCHLD) received from 37
2022/01/10 03:22:11 [notice] 1#1: worker process 37 exited with code 0
2022/01/10 03:22:11 [notice] 1#1: signal 29 (SIGIO) received
2022/01/10 03:22:11 [notice] 1#1: signal 17 (SIGCHLD) received from 35
2022/01/10 03:22:11 [notice] 1#1: worker process 35 exited with code 0
2022/01/10 03:22:11 [notice] 1#1: signal 29 (SIGIO) received
2022/01/10 03:22:45 [notice] 1#1: using the "epoll" event method
2022/01/10 03:22:45 [notice] 1#1: nginx/1.21.5
2022/01/10 03:22:45 [notice] 1#1: built by gcc 10.2.1 20210110 (Debian 10.2.1-6) 
2022/01/10 03:22:45 [notice] 1#1: OS: Linux 5.10.0-1053-oem
2022/01/10 03:22:45 [notice] 1#1: getrlimit(RLIMIT_NOFILE): 1048576:1048576
2022/01/10 03:22:45 [notice] 1#1: start worker processes
2022/01/10 03:22:45 [notice] 1#1: start worker process 31
2022/01/10 03:22:45 [notice] 1#1: start worker process 32
2022/01/10 03:22:45 [notice] 1#1: start worker process 33
2022/01/10 03:22:45 [notice] 1#1: start worker process 34
2022/01/10 03:22:45 [notice] 1#1: start worker process 35
2022/01/10 03:22:45 [notice] 1#1: start worker process 36
2022/01/10 03:22:45 [notice] 1#1: start worker process 37
2022/01/10 03:22:45 [notice] 1#1: start worker process 38
2022/01/10 03:22:56 [error] 31#31: *2 open() "/var/www/public/admin/clients" failed (2: No such file or directory), client: 172.19.0.1, server: localhost, request: "GET /admin/clients HTTP/1.1", host: "localhost:8001"
2022/01/10 03:22:57 [error] 31#31: *2 open() "/var/www/public/admin/clients" failed (2: No such file or directory), client: 172.19.0.1, server: localhost, request: "GET /admin/clients HTTP/1.1", host: "localhost:8001"
2022/01/10 03:22:57 [error] 31#31: *2 open() "/var/www/public/admin/clients" failed (2: No such file or directory), client: 172.19.0.1, server: localhost, request: "GET /admin/clients HTTP/1.1", host: "localhost:8001"
2022/01/10 03:22:57 [error] 31#31: *2 open() "/var/www/public/admin/clients" failed (2: No such file or directory), client: 172.19.0.1, server: localhost, request: "GET /admin/clients HTTP/1.1", host: "localhost:8001"
2022/01/10 03:23:06 [error] 31#31: *2 open() "/var/www/public/admin/clients" failed (2: No such file or directory), client: 172.19.0.1, server: localhost, request: "GET /admin/clients HTTP/1.1", host: "localhost:8001"
2022/01/10 03:24:05 [notice] 1#1: signal 3 (SIGQUIT) received, shutting down
2022/01/10 03:24:05 [notice] 31#31: gracefully shutting down
2022/01/10 03:24:05 [notice] 34#34: gracefully shutting down
2022/01/10 03:24:05 [notice] 35#35: gracefully shutting down
2022/01/10 03:24:05 [notice] 32#32: gracefully shutting down
2022/01/10 03:24:05 [notice] 34#34: exiting
2022/01/10 03:24:05 [notice] 33#33: gracefully shutting down
2022/01/10 03:24:05 [notice] 35#35: exiting
2022/01/10 03:24:05 [notice] 32#32: exiting
2022/01/10 03:24:05 [notice] 33#33: exiting
2022/01/10 03:24:05 [notice] 32#32: exit
2022/01/10 03:24:05 [notice] 34#34: exit
2022/01/10 03:24:05 [notice] 35#35: exit
2022/01/10 03:24:05 [notice] 33#33: exit
2022/01/10 03:24:05 [notice] 31#31: exiting
2022/01/10 03:24:05 [notice] 31#31: exit
2022/01/10 03:24:05 [notice] 37#37: gracefully shutting down
2022/01/10 03:24:05 [notice] 38#38: gracefully shutting down
2022/01/10 03:24:05 [notice] 36#36: gracefully shutting down
2022/01/10 03:24:05 [notice] 37#37: exiting
2022/01/10 03:24:05 [notice] 38#38: exiting
2022/01/10 03:24:05 [notice] 36#36: exiting
2022/01/10 03:24:05 [notice] 38#38: exit
2022/01/10 03:24:05 [notice] 37#37: exit
2022/01/10 03:24:05 [notice] 36#36: exit
2022/01/10 03:24:05 [notice] 1#1: signal 17 (SIGCHLD) received from 38
2022/01/10 03:24:05 [notice] 1#1: worker process 35 exited with code 0
2022/01/10 03:24:05 [notice] 1#1: worker process 38 exited with code 0
2022/01/10 03:24:05 [notice] 1#1: signal 29 (SIGIO) received
2022/01/10 03:24:05 [notice] 1#1: signal 17 (SIGCHLD) received from 35
2022/01/10 03:24:05 [notice] 1#1: signal 17 (SIGCHLD) received from 37
2022/01/10 03:24:05 [notice] 1#1: worker process 34 exited with code 0
2022/01/10 03:24:05 [notice] 1#1: worker process 36 exited with code 0
2022/01/10 03:24:05 [notice] 1#1: worker process 37 exited with code 0
2022/01/10 03:24:05 [notice] 1#1: signal 29 (SIGIO) received
2022/01/10 03:24:05 [notice] 1#1: signal 17 (SIGCHLD) received from 31
2022/01/10 03:24:05 [notice] 1#1: worker process 31 exited with code 0
2022/01/10 03:24:05 [notice] 1#1: signal 29 (SIGIO) received
2022/01/10 03:24:05 [notice] 1#1: signal 17 (SIGCHLD) received from 33
2022/01/10 03:24:05 [notice] 1#1: worker process 33 exited with code 0
2022/01/10 03:24:05 [notice] 1#1: signal 29 (SIGIO) received
2022/01/10 03:24:05 [notice] 1#1: signal 17 (SIGCHLD) received from 32
2022/01/10 03:24:05 [notice] 1#1: worker process 32 exited with code 0
2022/01/10 03:24:05 [notice] 1#1: exit
2022/01/11 02:14:10 [notice] 1#1: using the "epoll" event method
2022/01/11 02:14:10 [notice] 1#1: nginx/1.21.5
2022/01/11 02:14:10 [notice] 1#1: built by gcc 10.2.1 20210110 (Debian 10.2.1-6) 
2022/01/11 02:14:10 [notice] 1#1: OS: Linux 5.10.0-1053-oem
2022/01/11 02:14:10 [notice] 1#1: getrlimit(RLIMIT_NOFILE): 1048576:1048576
2022/01/11 02:14:10 [notice] 1#1: start worker processes
2022/01/11 02:14:10 [notice] 1#1: start worker process 30
2022/01/11 02:14:10 [notice] 1#1: start worker process 31
2022/01/11 02:14:10 [notice] 1#1: start worker process 32
2022/01/11 02:14:10 [notice] 1#1: start worker process 33
2022/01/11 02:14:10 [notice] 1#1: start worker process 34
2022/01/11 02:14:10 [notice] 1#1: start worker process 35
2022/01/11 02:14:10 [notice] 1#1: start worker process 36
2022/01/11 02:14:10 [notice] 1#1: start worker process 37
2022/01/11 02:14:31 [error] 30#30: *1 connect() failed (111: Connection refused) while connecting to upstream, client: 172.19.0.1, server: localhost, request: "GET / HTTP/1.1", upstream: "fastcgi://172.19.0.3:9001", host: "localhost:8080"
2022/01/11 02:14:34 [error] 30#30: *1 connect() failed (111: Connection refused) while connecting to upstream, client: 172.19.0.1, server: localhost, request: "GET / HTTP/1.1", upstream: "fastcgi://172.19.0.3:9001", host: "localhost:8080"
2022/01/11 02:15:20 [notice] 1#1: signal 3 (SIGQUIT) received, shutting down
2022/01/11 02:15:20 [notice] 30#30: gracefully shutting down
2022/01/11 02:15:20 [notice] 31#31: gracefully shutting down
2022/01/11 02:15:20 [notice] 32#32: gracefully shutting down
2022/01/11 02:15:20 [notice] 33#33: gracefully shutting down
2022/01/11 02:15:20 [notice] 34#34: gracefully shutting down
2022/01/11 02:15:20 [notice] 33#33: exiting
2022/01/11 02:15:20 [notice] 35#35: gracefully shutting down
2022/01/11 02:15:20 [notice] 37#37: gracefully shutting down
2022/01/11 02:15:20 [notice] 32#32: exiting
2022/01/11 02:15:20 [notice] 34#34: exiting
2022/01/11 02:15:20 [notice] 36#36: gracefully shutting down
2022/01/11 02:15:20 [notice] 30#30: exiting
2022/01/11 02:15:20 [notice] 35#35: exiting
2022/01/11 02:15:20 [notice] 37#37: exiting
2022/01/11 02:15:20 [notice] 36#36: exiting
2022/01/11 02:15:20 [notice] 33#33: exit
2022/01/11 02:15:20 [notice] 34#34: exit
2022/01/11 02:15:20 [notice] 30#30: exit
2022/01/11 02:15:20 [notice] 32#32: exit
2022/01/11 02:15:20 [notice] 35#35: exit
2022/01/11 02:15:20 [notice] 37#37: exit
2022/01/11 02:15:20 [notice] 36#36: exit
2022/01/11 02:15:20 [notice] 1#1: signal 17 (SIGCHLD) received from 36
2022/01/11 02:15:20 [notice] 1#1: worker process 34 exited with code 0
2022/01/11 02:15:20 [notice] 1#1: worker process 36 exited with code 0
2022/01/11 02:15:20 [notice] 1#1: signal 29 (SIGIO) received
2022/01/11 02:15:20 [notice] 1#1: signal 17 (SIGCHLD) received from 35
2022/01/11 02:15:20 [notice] 1#1: worker process 35 exited with code 0
2022/01/11 02:15:20 [notice] 1#1: signal 29 (SIGIO) received
2022/01/11 02:15:20 [notice] 1#1: signal 17 (SIGCHLD) received from 32
2022/01/11 02:15:20 [notice] 1#1: worker process 30 exited with code 0
2022/01/11 02:15:20 [notice] 1#1: worker process 32 exited with code 0
2022/01/11 02:15:20 [notice] 1#1: worker process 37 exited with code 0
2022/01/11 02:15:20 [notice] 1#1: signal 29 (SIGIO) received
2022/01/11 02:15:20 [notice] 1#1: signal 17 (SIGCHLD) received from 37
2022/01/11 02:15:20 [notice] 1#1: signal 17 (SIGCHLD) received from 33
2022/01/11 02:15:20 [notice] 1#1: worker process 33 exited with code 0
2022/01/11 02:15:20 [notice] 1#1: signal 29 (SIGIO) received
2022/01/11 02:15:48 [notice] 1#1: using the "epoll" event method
2022/01/11 02:15:48 [notice] 1#1: nginx/1.21.5
2022/01/11 02:15:48 [notice] 1#1: built by gcc 10.2.1 20210110 (Debian 10.2.1-6) 
2022/01/11 02:15:48 [notice] 1#1: OS: Linux 5.10.0-1053-oem
2022/01/11 02:15:48 [notice] 1#1: getrlimit(RLIMIT_NOFILE): 1048576:1048576
2022/01/11 02:15:48 [notice] 1#1: start worker processes
2022/01/11 02:15:48 [notice] 1#1: start worker process 30
2022/01/11 02:15:48 [notice] 1#1: start worker process 31
2022/01/11 02:15:48 [notice] 1#1: start worker process 32
2022/01/11 02:15:48 [notice] 1#1: start worker process 33
2022/01/11 02:15:48 [notice] 1#1: start worker process 34
2022/01/11 02:15:48 [notice] 1#1: start worker process 35
2022/01/11 02:15:48 [notice] 1#1: start worker process 36
2022/01/11 02:15:48 [notice] 1#1: start worker process 37
2022/01/11 02:17:58 [error] 30#30: *6 open() "/var/www/public/admin/clients" failed (2: No such file or directory), client: 172.20.0.1, server: localhost, request: "GET /admin/clients HTTP/1.1", host: "localhost:8080"
2022/01/11 02:29:44 [notice] 1#1: signal 3 (SIGQUIT) received, shutting down
2022/01/11 02:29:44 [notice] 30#30: gracefully shutting down
2022/01/11 02:29:44 [notice] 31#31: gracefully shutting down
2022/01/11 02:29:44 [notice] 32#32: gracefully shutting down
2022/01/11 02:29:44 [notice] 33#33: gracefully shutting down
2022/01/11 02:29:44 [notice] 34#34: gracefully shutting down
2022/01/11 02:29:44 [notice] 30#30: exiting
2022/01/11 02:29:44 [notice] 37#37: gracefully shutting down
2022/01/11 02:29:44 [notice] 36#36: gracefully shutting down
2022/01/11 02:29:44 [notice] 35#35: gracefully shutting down
2022/01/11 02:29:44 [notice] 31#31: exiting
2022/01/11 02:29:44 [notice] 32#32: exiting
2022/01/11 02:29:44 [notice] 33#33: exiting
2022/01/11 02:29:44 [notice] 34#34: exiting
2022/01/11 02:29:44 [notice] 30#30: exit
2022/01/11 02:29:44 [notice] 37#37: exiting
2022/01/11 02:29:44 [notice] 36#36: exiting
2022/01/11 02:29:44 [notice] 35#35: exiting
2022/01/11 02:29:44 [notice] 31#31: exit
2022/01/11 02:29:44 [notice] 32#32: exit
2022/01/11 02:29:44 [notice] 33#33: exit
2022/01/11 02:29:44 [notice] 34#34: exit
2022/01/11 02:29:44 [notice] 37#37: exit
2022/01/11 02:29:44 [notice] 35#35: exit
2022/01/11 02:29:44 [notice] 36#36: exit
2022/01/11 02:29:44 [notice] 1#1: signal 17 (SIGCHLD) received from 32
2022/01/11 02:29:44 [notice] 1#1: worker process 32 exited with code 0
2022/01/11 02:29:44 [notice] 1#1: signal 29 (SIGIO) received
2022/01/11 02:29:44 [notice] 1#1: signal 17 (SIGCHLD) received from 33
2022/01/11 02:29:44 [notice] 1#1: worker process 33 exited with code 0
2022/01/11 02:29:44 [notice] 1#1: signal 29 (SIGIO) received
2022/01/11 02:29:44 [notice] 1#1: signal 17 (SIGCHLD) received from 34
2022/01/11 02:29:44 [notice] 1#1: worker process 34 exited with code 0
2022/01/11 02:29:44 [notice] 1#1: signal 29 (SIGIO) received
2022/01/11 02:29:44 [notice] 1#1: signal 17 (SIGCHLD) received from 31
2022/01/11 02:29:44 [notice] 1#1: worker process 31 exited with code 0
2022/01/11 02:29:44 [notice] 1#1: signal 29 (SIGIO) received
2022/01/11 02:29:44 [notice] 1#1: signal 17 (SIGCHLD) received from 30
2022/01/11 02:29:44 [notice] 1#1: worker process 30 exited with code 0
2022/01/11 02:29:44 [notice] 1#1: signal 29 (SIGIO) received
2022/01/11 02:29:44 [notice] 1#1: signal 17 (SIGCHLD) received from 35
2022/01/11 02:29:44 [notice] 1#1: worker process 35 exited with code 0
2022/01/11 02:29:44 [notice] 1#1: signal 29 (SIGIO) received
2022/01/11 02:29:44 [notice] 1#1: signal 17 (SIGCHLD) received from 37
2022/01/11 02:29:44 [notice] 1#1: worker process 37 exited with code 0
2022/01/11 02:29:44 [notice] 1#1: signal 29 (SIGIO) received
2022/01/11 02:29:44 [notice] 1#1: signal 17 (SIGCHLD) received from 36
2022/01/11 02:29:44 [notice] 1#1: worker process 36 exited with code 0
2022/01/11 02:29:44 [notice] 1#1: exit
2022/01/11 02:30:24 [emerg] 1#1: invalid number of arguments in "fastcgi_param" directive in /etc/nginx/conf.d/default.conf:14
2022/01/11 02:33:00 [emerg] 1#1: invalid number of arguments in "fastcgi_param" directive in /etc/nginx/conf.d/default.conf:13
2022/01/11 02:33:52 [emerg] 1#1: invalid number of arguments in "fastcgi_param" directive in /etc/nginx/conf.d/default.conf:13
2022/01/11 02:35:06 [notice] 1#1: using the "epoll" event method
2022/01/11 02:35:06 [notice] 1#1: nginx/1.21.5
2022/01/11 02:35:06 [notice] 1#1: built by gcc 10.2.1 20210110 (Debian 10.2.1-6) 
2022/01/11 02:35:06 [notice] 1#1: OS: Linux 5.10.0-1053-oem
2022/01/11 02:35:06 [notice] 1#1: getrlimit(RLIMIT_NOFILE): 1048576:1048576
2022/01/11 02:35:06 [notice] 1#1: start worker processes
2022/01/11 02:35:06 [notice] 1#1: start worker process 30
2022/01/11 02:35:06 [notice] 1#1: start worker process 31
2022/01/11 02:35:06 [notice] 1#1: start worker process 32
2022/01/11 02:35:06 [notice] 1#1: start worker process 33
2022/01/11 02:35:06 [notice] 1#1: start worker process 34
2022/01/11 02:35:06 [notice] 1#1: start worker process 35
2022/01/11 02:35:06 [notice] 1#1: start worker process 36
2022/01/11 02:35:06 [notice] 1#1: start worker process 37
2022/01/11 02:35:17 [notice] 1#1: signal 3 (SIGQUIT) received, shutting down
2022/01/11 02:35:17 [notice] 33#33: gracefully shutting down
2022/01/11 02:35:17 [notice] 30#30: gracefully shutting down
2022/01/11 02:35:17 [notice] 32#32: gracefully shutting down
2022/01/11 02:35:17 [notice] 31#31: gracefully shutting down
2022/01/11 02:35:17 [notice] 37#37: gracefully shutting down
2022/01/11 02:35:17 [notice] 35#35: gracefully shutting down
2022/01/11 02:35:17 [notice] 36#36: gracefully shutting down
2022/01/11 02:35:17 [notice] 33#33: exiting
2022/01/11 02:35:17 [notice] 30#30: exiting
2022/01/11 02:35:17 [notice] 32#32: exiting
2022/01/11 02:35:17 [notice] 31#31: exiting
2022/01/11 02:35:17 [notice] 37#37: exiting
2022/01/11 02:35:17 [notice] 35#35: exiting
2022/01/11 02:35:17 [notice] 36#36: exiting
2022/01/11 02:35:17 [notice] 35#35: exit
2022/01/11 02:35:17 [notice] 37#37: exit
2022/01/11 02:35:17 [notice] 31#31: exit
2022/01/11 02:35:17 [notice] 33#33: exit
2022/01/11 02:35:17 [notice] 36#36: exit
2022/01/11 02:35:17 [notice] 32#32: exit
2022/01/11 02:35:17 [notice] 30#30: exit
2022/01/11 02:35:17 [notice] 34#34: gracefully shutting down
2022/01/11 02:35:17 [notice] 34#34: exiting
2022/01/11 02:35:17 [notice] 34#34: exit
2022/01/11 02:35:17 [notice] 1#1: signal 17 (SIGCHLD) received from 33
2022/01/11 02:35:17 [notice] 1#1: worker process 33 exited with code 0
2022/01/11 02:35:17 [notice] 1#1: signal 29 (SIGIO) received
2022/01/11 02:35:17 [notice] 1#1: signal 17 (SIGCHLD) received from 37
2022/01/11 02:35:17 [notice] 1#1: worker process 37 exited with code 0
2022/01/11 02:35:17 [notice] 1#1: signal 29 (SIGIO) received
2022/01/11 02:35:17 [notice] 1#1: signal 17 (SIGCHLD) received from 35
2022/01/11 02:35:17 [notice] 1#1: worker process 32 exited with code 0
2022/01/11 02:35:17 [notice] 1#1: worker process 35 exited with code 0
2022/01/11 02:35:17 [notice] 1#1: signal 29 (SIGIO) received
2022/01/11 02:35:17 [notice] 1#1: signal 17 (SIGCHLD) received from 30
2022/01/11 02:35:17 [notice] 1#1: worker process 30 exited with code 0
2022/01/11 02:35:17 [notice] 1#1: signal 29 (SIGIO) received
2022/01/11 02:35:17 [notice] 1#1: signal 17 (SIGCHLD) received from 31
2022/01/11 02:35:17 [notice] 1#1: worker process 31 exited with code 0
2022/01/11 02:35:17 [notice] 1#1: signal 29 (SIGIO) received
2022/01/11 02:35:17 [notice] 1#1: signal 17 (SIGCHLD) received from 36
2022/01/11 02:35:17 [notice] 1#1: worker process 36 exited with code 0
2022/01/11 02:35:17 [notice] 1#1: signal 29 (SIGIO) received
2022/01/11 02:35:17 [notice] 1#1: signal 17 (SIGCHLD) received from 34
2022/01/11 02:35:17 [notice] 1#1: worker process 34 exited with code 0
2022/01/11 02:35:17 [notice] 1#1: exit
2022/01/11 02:35:35 [notice] 1#1: using the "epoll" event method
2022/01/11 02:35:35 [notice] 1#1: nginx/1.21.5
2022/01/11 02:35:35 [notice] 1#1: built by gcc 10.2.1 20210110 (Debian 10.2.1-6) 
2022/01/11 02:35:35 [notice] 1#1: OS: Linux 5.10.0-1053-oem
2022/01/11 02:35:35 [notice] 1#1: getrlimit(RLIMIT_NOFILE): 1048576:1048576
2022/01/11 02:35:35 [notice] 1#1: start worker processes
2022/01/11 02:35:35 [notice] 1#1: start worker process 30
2022/01/11 02:35:35 [notice] 1#1: start worker process 31
2022/01/11 02:35:35 [notice] 1#1: start worker process 32
2022/01/11 02:35:35 [notice] 1#1: start worker process 33
2022/01/11 02:35:35 [notice] 1#1: start worker process 34
2022/01/11 02:35:35 [notice] 1#1: start worker process 35
2022/01/11 02:35:35 [notice] 1#1: start worker process 36
2022/01/11 02:35:35 [notice] 1#1: start worker process 37
2022/01/11 02:36:07 [error] 31#31: *2 open() "/var/www/public/admin/clients" failed (2: No such file or directory), client: 172.24.0.1, server: localhost, request: "GET /admin/clients HTTP/1.1", host: "localhost:8080"
2022/01/11 02:39:42 [notice] 1#1: signal 3 (SIGQUIT) received, shutting down
2022/01/11 02:39:42 [notice] 30#30: gracefully shutting down
2022/01/11 02:39:42 [notice] 33#33: gracefully shutting down
2022/01/11 02:39:42 [notice] 31#31: gracefully shutting down
2022/01/11 02:39:42 [notice] 32#32: gracefully shutting down
2022/01/11 02:39:42 [notice] 30#30: exiting
2022/01/11 02:39:42 [notice] 34#34: gracefully shutting down
2022/01/11 02:39:42 [notice] 33#33: exiting
2022/01/11 02:39:42 [notice] 35#35: gracefully shutting down
2022/01/11 02:39:42 [notice] 31#31: exiting
2022/01/11 02:39:42 [notice] 36#36: gracefully shutting down
2022/01/11 02:39:42 [notice] 32#32: exiting
2022/01/11 02:39:42 [notice] 34#34: exiting
2022/01/11 02:39:42 [notice] 35#35: exiting
2022/01/11 02:39:42 [notice] 36#36: exiting
2022/01/11 02:39:42 [notice] 30#30: exit
2022/01/11 02:39:42 [notice] 31#31: exit
2022/01/11 02:39:42 [notice] 33#33: exit
2022/01/11 02:39:42 [notice] 32#32: exit
2022/01/11 02:39:42 [notice] 35#35: exit
2022/01/11 02:39:42 [notice] 34#34: exit
2022/01/11 02:39:42 [notice] 36#36: exit
2022/01/11 02:39:42 [notice] 37#37: gracefully shutting down
2022/01/11 02:39:42 [notice] 37#37: exiting
2022/01/11 02:39:42 [notice] 37#37: exit
2022/01/11 02:39:42 [notice] 1#1: signal 17 (SIGCHLD) received from 36
2022/01/11 02:39:42 [notice] 1#1: worker process 36 exited with code 0
2022/01/11 02:39:42 [notice] 1#1: signal 29 (SIGIO) received
2022/01/11 02:39:42 [notice] 1#1: signal 17 (SIGCHLD) received from 31
2022/01/11 02:39:42 [notice] 1#1: worker process 31 exited with code 0
2022/01/11 02:39:42 [notice] 1#1: signal 29 (SIGIO) received
2022/01/11 02:39:42 [notice] 1#1: signal 17 (SIGCHLD) received from 35
2022/01/11 02:39:42 [notice] 1#1: worker process 35 exited with code 0
2022/01/11 02:39:42 [notice] 1#1: signal 29 (SIGIO) received
2022/01/11 02:39:42 [notice] 1#1: signal 17 (SIGCHLD) received from 34
2022/01/11 02:39:42 [notice] 1#1: worker process 32 exited with code 0
2022/01/11 02:39:42 [notice] 1#1: worker process 34 exited with code 0
2022/01/11 02:39:42 [notice] 1#1: signal 29 (SIGIO) received
2022/01/11 02:39:42 [notice] 1#1: signal 17 (SIGCHLD) received from 32
2022/01/11 02:39:42 [notice] 1#1: signal 17 (SIGCHLD) received from 30
2022/01/11 02:39:42 [notice] 1#1: worker process 30 exited with code 0
2022/01/11 02:39:42 [notice] 1#1: signal 29 (SIGIO) received
2022/01/11 02:39:42 [notice] 1#1: signal 17 (SIGCHLD) received from 37
2022/01/11 02:39:42 [notice] 1#1: worker process 37 exited with code 0
2022/01/11 02:39:42 [notice] 1#1: signal 29 (SIGIO) received
2022/01/11 02:39:42 [notice] 1#1: signal 17 (SIGCHLD) received from 33
2022/01/11 02:39:42 [notice] 1#1: worker process 33 exited with code 0
2022/01/11 02:39:42 [notice] 1#1: exit
2022/01/11 02:40:00 [notice] 1#1: using the "epoll" event method
2022/01/11 02:40:00 [notice] 1#1: nginx/1.21.5
2022/01/11 02:40:00 [notice] 1#1: built by gcc 10.2.1 20210110 (Debian 10.2.1-6) 
2022/01/11 02:40:00 [notice] 1#1: OS: Linux 5.10.0-1053-oem
2022/01/11 02:40:00 [notice] 1#1: getrlimit(RLIMIT_NOFILE): 1048576:1048576
2022/01/11 02:40:00 [notice] 1#1: start worker processes
2022/01/11 02:40:00 [notice] 1#1: start worker process 30
2022/01/11 02:40:00 [notice] 1#1: start worker process 31
2022/01/11 02:40:00 [notice] 1#1: start worker process 32
2022/01/11 02:40:00 [notice] 1#1: start worker process 33
2022/01/11 02:40:00 [notice] 1#1: start worker process 34
2022/01/11 02:40:00 [notice] 1#1: start worker process 35
2022/01/11 02:40:00 [notice] 1#1: start worker process 36
2022/01/11 02:40:00 [notice] 1#1: start worker process 37
2022/01/11 02:40:06 [error] 30#30: *1 open() "/var/www/public/admin/clients" failed (2: No such file or directory), client: 172.25.0.1, server: localhost, request: "GET /admin/clients HTTP/1.1", host: "localhost:8080"
2022/01/11 02:40:08 [error] 30#30: *1 open() "/var/www/public/admin/clients" failed (2: No such file or directory), client: 172.25.0.1, server: localhost, request: "GET /admin/clients HTTP/1.1", host: "localhost:8080"
2022/01/11 02:40:43 [error] 30#30: *1 open() "/var/www/public/admin/clients" failed (2: No such file or directory), client: 172.25.0.1, server: localhost, request: "GET /admin/clients HTTP/1.1", host: "localhost:8080"
2022/01/11 02:53:16 [notice] 1#1: signal 3 (SIGQUIT) received, shutting down
2022/01/11 02:53:16 [notice] 31#31: gracefully shutting down
2022/01/11 02:53:16 [notice] 32#32: gracefully shutting down
2022/01/11 02:53:16 [notice] 33#33: gracefully shutting down
2022/01/11 02:53:16 [notice] 34#34: gracefully shutting down
2022/01/11 02:53:16 [notice] 35#35: gracefully shutting down
2022/01/11 02:53:16 [notice] 31#31: exiting
2022/01/11 02:53:16 [notice] 37#37: gracefully shutting down
2022/01/11 02:53:16 [notice] 32#32: exiting
2022/01/11 02:53:16 [notice] 33#33: exiting
2022/01/11 02:53:16 [notice] 34#34: exiting
2022/01/11 02:53:16 [notice] 35#35: exiting
2022/01/11 02:53:16 [notice] 37#37: exiting
2022/01/11 02:53:16 [notice] 31#31: exit
2022/01/11 02:53:16 [notice] 32#32: exit
2022/01/11 02:53:16 [notice] 34#34: exit
2022/01/11 02:53:16 [notice] 35#35: exit
2022/01/11 02:53:16 [notice] 33#33: exit
2022/01/11 02:53:16 [notice] 37#37: exit
2022/01/11 02:53:16 [notice] 36#36: gracefully shutting down
2022/01/11 02:53:16 [notice] 36#36: exiting
2022/01/11 02:53:16 [notice] 30#30: gracefully shutting down
2022/01/11 02:53:16 [notice] 36#36: exit
2022/01/11 02:53:16 [notice] 30#30: exiting
2022/01/11 02:53:16 [notice] 30#30: exit
2022/01/11 02:53:16 [notice] 1#1: signal 17 (SIGCHLD) received from 33
2022/01/11 02:53:16 [notice] 1#1: worker process 33 exited with code 0
2022/01/11 02:53:16 [notice] 1#1: signal 29 (SIGIO) received
2022/01/11 02:53:16 [notice] 1#1: signal 17 (SIGCHLD) received from 37
2022/01/11 02:53:16 [notice] 1#1: worker process 37 exited with code 0
2022/01/11 02:53:16 [notice] 1#1: signal 29 (SIGIO) received
2022/01/11 02:53:17 [notice] 1#1: signal 17 (SIGCHLD) received from 36
2022/01/11 02:53:17 [notice] 1#1: worker process 36 exited with code 0
2022/01/11 02:53:17 [notice] 1#1: signal 29 (SIGIO) received
2022/01/11 02:53:17 [notice] 1#1: signal 17 (SIGCHLD) received from 32
2022/01/11 02:53:17 [notice] 1#1: worker process 32 exited with code 0
2022/01/11 02:53:17 [notice] 1#1: signal 29 (SIGIO) received
2022/01/11 02:53:17 [notice] 1#1: signal 17 (SIGCHLD) received from 35
2022/01/11 02:53:17 [notice] 1#1: worker process 35 exited with code 0
2022/01/11 02:53:17 [notice] 1#1: signal 29 (SIGIO) received
2022/01/11 02:53:17 [notice] 1#1: signal 17 (SIGCHLD) received from 34
2022/01/11 02:53:17 [notice] 1#1: worker process 30 exited with code 0
2022/01/11 02:53:17 [notice] 1#1: worker process 34 exited with code 0
2022/01/11 02:53:17 [notice] 1#1: signal 29 (SIGIO) received
2022/01/11 02:53:17 [notice] 1#1: signal 17 (SIGCHLD) received from 31
2022/01/11 02:53:17 [notice] 1#1: worker process 31 exited with code 0
2022/01/11 02:53:17 [notice] 1#1: exit
2022/01/11 02:53:39 [notice] 1#1: using the "epoll" event method
2022/01/11 02:53:39 [notice] 1#1: nginx/1.21.5
2022/01/11 02:53:39 [notice] 1#1: built by gcc 10.2.1 20210110 (Debian 10.2.1-6) 
2022/01/11 02:53:39 [notice] 1#1: OS: Linux 5.10.0-1053-oem
2022/01/11 02:53:39 [notice] 1#1: getrlimit(RLIMIT_NOFILE): 1048576:1048576
2022/01/11 02:53:39 [notice] 1#1: start worker processes
2022/01/11 02:53:39 [notice] 1#1: start worker process 31
2022/01/11 02:53:39 [notice] 1#1: start worker process 32
2022/01/11 02:53:39 [notice] 1#1: start worker process 33
2022/01/11 02:53:39 [notice] 1#1: start worker process 34
2022/01/11 02:53:39 [notice] 1#1: start worker process 35
2022/01/11 02:53:39 [notice] 1#1: start worker process 36
2022/01/11 02:53:39 [notice] 1#1: start worker process 37
2022/01/11 02:53:39 [notice] 1#1: start worker process 38
2022/01/11 02:54:13 [notice] 1#1: signal 3 (SIGQUIT) received, shutting down
2022/01/11 02:54:13 [notice] 31#31: gracefully shutting down
2022/01/11 02:54:13 [notice] 33#33: gracefully shutting down
2022/01/11 02:54:13 [notice] 32#32: gracefully shutting down
2022/01/11 02:54:13 [notice] 34#34: gracefully shutting down
2022/01/11 02:54:13 [notice] 35#35: gracefully shutting down
2022/01/11 02:54:13 [notice] 36#36: gracefully shutting down
2022/01/11 02:54:13 [notice] 31#31: exiting
2022/01/11 02:54:13 [notice] 33#33: exiting
2022/01/11 02:54:13 [notice] 32#32: exiting
2022/01/11 02:54:13 [notice] 34#34: exiting
2022/01/11 02:54:13 [notice] 35#35: exiting
2022/01/11 02:54:13 [notice] 36#36: exiting
2022/01/11 02:54:13 [notice] 31#31: exit
2022/01/11 02:54:13 [notice] 38#38: gracefully shutting down
2022/01/11 02:54:13 [notice] 33#33: exit
2022/01/11 02:54:13 [notice] 32#32: exit
2022/01/11 02:54:13 [notice] 34#34: exit
2022/01/11 02:54:13 [notice] 36#36: exit
2022/01/11 02:54:13 [notice] 35#35: exit
2022/01/11 02:54:13 [notice] 38#38: exiting
2022/01/11 02:54:13 [notice] 38#38: exit
2022/01/11 02:54:13 [notice] 37#37: gracefully shutting down
2022/01/11 02:54:13 [notice] 37#37: exiting
2022/01/11 02:54:13 [notice] 37#37: exit
2022/01/11 02:54:13 [notice] 1#1: signal 17 (SIGCHLD) received from 31
2022/01/11 02:54:13 [notice] 1#1: worker process 31 exited with code 0
2022/01/11 02:54:13 [notice] 1#1: signal 29 (SIGIO) received
2022/01/11 02:54:13 [notice] 1#1: signal 17 (SIGCHLD) received from 33
2022/01/11 02:54:13 [notice] 1#1: worker process 33 exited with code 0
2022/01/11 02:54:13 [notice] 1#1: worker process 37 exited with code 0
2022/01/11 02:54:13 [notice] 1#1: signal 29 (SIGIO) received
2022/01/11 02:54:13 [notice] 1#1: signal 17 (SIGCHLD) received from 32
2022/01/11 02:54:13 [notice] 1#1: worker process 32 exited with code 0
2022/01/11 02:54:13 [notice] 1#1: worker process 34 exited with code 0
2022/01/11 02:54:13 [notice] 1#1: signal 29 (SIGIO) received
2022/01/11 02:54:13 [notice] 1#1: signal 17 (SIGCHLD) received from 36
2022/01/11 02:54:13 [notice] 1#1: worker process 36 exited with code 0
2022/01/11 02:54:13 [notice] 1#1: signal 29 (SIGIO) received
2022/01/11 02:54:13 [notice] 1#1: signal 17 (SIGCHLD) received from 35
2022/01/11 02:54:13 [notice] 1#1: worker process 35 exited with code 0
2022/01/11 02:54:13 [notice] 1#1: signal 29 (SIGIO) received
2022/01/11 02:54:13 [notice] 1#1: signal 17 (SIGCHLD) received from 38
2022/01/11 02:54:13 [notice] 1#1: worker process 38 exited with code 0
2022/01/11 02:54:13 [notice] 1#1: exit
2022/01/11 02:54:32 [notice] 1#1: using the "epoll" event method
2022/01/11 02:54:32 [notice] 1#1: nginx/1.21.5
2022/01/11 02:54:32 [notice] 1#1: built by gcc 10.2.1 20210110 (Debian 10.2.1-6) 
2022/01/11 02:54:32 [notice] 1#1: OS: Linux 5.10.0-1053-oem
2022/01/11 02:54:32 [notice] 1#1: getrlimit(RLIMIT_NOFILE): 1048576:1048576
2022/01/11 02:54:32 [notice] 1#1: start worker processes
2022/01/11 02:54:32 [notice] 1#1: start worker process 30
2022/01/11 02:54:32 [notice] 1#1: start worker process 31
2022/01/11 02:54:32 [notice] 1#1: start worker process 32
2022/01/11 02:54:32 [notice] 1#1: start worker process 33
2022/01/11 02:54:32 [notice] 1#1: start worker process 34
2022/01/11 02:54:32 [notice] 1#1: start worker process 35
2022/01/11 02:54:32 [notice] 1#1: start worker process 36
2022/01/11 02:54:32 [notice] 1#1: start worker process 37
2022/01/11 02:55:08 [notice] 1#1: signal 3 (SIGQUIT) received, shutting down
2022/01/11 02:55:08 [notice] 30#30: gracefully shutting down
2022/01/11 02:55:08 [notice] 32#32: gracefully shutting down
2022/01/11 02:55:08 [notice] 30#30: exiting
2022/01/11 02:55:08 [notice] 36#36: gracefully shutting down
2022/01/11 02:55:08 [notice] 31#31: gracefully shutting down
2022/01/11 02:55:08 [notice] 33#33: gracefully shutting down
2022/01/11 02:55:08 [notice] 34#34: gracefully shutting down
2022/01/11 02:55:08 [notice] 35#35: gracefully shutting down
2022/01/11 02:55:08 [notice] 32#32: exiting
2022/01/11 02:55:08 [notice] 36#36: exiting
2022/01/11 02:55:08 [notice] 33#33: exiting
2022/01/11 02:55:08 [notice] 34#34: exiting
2022/01/11 02:55:08 [notice] 30#30: exit
2022/01/11 02:55:08 [notice] 35#35: exiting
2022/01/11 02:55:08 [notice] 32#32: exit
2022/01/11 02:55:08 [notice] 36#36: exit
2022/01/11 02:55:08 [notice] 34#34: exit
2022/01/11 02:55:08 [notice] 33#33: exit
2022/01/11 02:55:08 [notice] 35#35: exit
2022/01/11 02:55:08 [notice] 37#37: gracefully shutting down
2022/01/11 02:55:08 [notice] 37#37: exiting
2022/01/11 02:55:08 [notice] 37#37: exit
2022/01/11 02:55:08 [notice] 1#1: signal 17 (SIGCHLD) received from 30
2022/01/11 02:55:08 [notice] 1#1: worker process 30 exited with code 0
2022/01/11 02:55:08 [notice] 1#1: worker process 34 exited with code 0
2022/01/11 02:55:08 [notice] 1#1: signal 29 (SIGIO) received
2022/01/11 02:55:08 [notice] 1#1: signal 17 (SIGCHLD) received from 34
2022/01/11 02:55:08 [notice] 1#1: signal 17 (SIGCHLD) received from 33
2022/01/11 02:55:08 [notice] 1#1: worker process 33 exited with code 0
2022/01/11 02:55:08 [notice] 1#1: signal 29 (SIGIO) received
2022/01/11 02:55:08 [notice] 1#1: signal 17 (SIGCHLD) received from 32
2022/01/11 02:55:08 [notice] 1#1: worker process 32 exited with code 0
2022/01/11 02:55:08 [notice] 1#1: signal 29 (SIGIO) received
2022/01/11 02:55:08 [notice] 1#1: signal 17 (SIGCHLD) received from 37
2022/01/11 02:55:08 [notice] 1#1: worker process 35 exited with code 0
2022/01/11 02:55:08 [notice] 1#1: worker process 37 exited with code 0
2022/01/11 02:55:08 [notice] 1#1: signal 29 (SIGIO) received
2022/01/11 02:55:08 [notice] 1#1: signal 17 (SIGCHLD) received from 36
2022/01/11 02:55:08 [notice] 1#1: worker process 36 exited with code 0
2022/01/11 02:55:08 [notice] 1#1: signal 29 (SIGIO) received
2022/01/11 03:00:24 [notice] 1#1: using the "epoll" event method
2022/01/11 03:00:24 [notice] 1#1: nginx/1.21.5
2022/01/11 03:00:24 [notice] 1#1: built by gcc 10.2.1 20210110 (Debian 10.2.1-6) 
2022/01/11 03:00:24 [notice] 1#1: OS: Linux 5.10.0-1053-oem
2022/01/11 03:00:24 [notice] 1#1: getrlimit(RLIMIT_NOFILE): 1048576:1048576
2022/01/11 03:00:24 [notice] 1#1: start worker processes
2022/01/11 03:00:24 [notice] 1#1: start worker process 30
2022/01/11 03:00:24 [notice] 1#1: start worker process 31
2022/01/11 03:00:24 [notice] 1#1: start worker process 32
2022/01/11 03:00:24 [notice] 1#1: start worker process 33
2022/01/11 03:00:24 [notice] 1#1: start worker process 34
2022/01/11 03:00:24 [notice] 1#1: start worker process 35
2022/01/11 03:00:24 [notice] 1#1: start worker process 36
2022/01/11 03:00:24 [notice] 1#1: start worker process 37
2022/01/11 04:28:56 [notice] 1#1: signal 3 (SIGQUIT) received, shutting down
2022/01/11 04:28:56 [notice] 30#30: gracefully shutting down
2022/01/11 04:28:56 [notice] 31#31: gracefully shutting down
2022/01/11 04:28:56 [notice] 30#30: exiting
2022/01/11 04:28:56 [notice] 32#32: gracefully shutting down
2022/01/11 04:28:56 [notice] 31#31: exiting
2022/01/11 04:28:56 [notice] 34#34: gracefully shutting down
2022/01/11 04:28:56 [notice] 33#33: gracefully shutting down
2022/01/11 04:28:56 [notice] 35#35: gracefully shutting down
2022/01/11 04:28:56 [notice] 32#32: exiting
2022/01/11 04:28:56 [notice] 34#34: exiting
2022/01/11 04:28:56 [notice] 36#36: gracefully shutting down
2022/01/11 04:28:56 [notice] 30#30: exit
2022/01/11 04:28:56 [notice] 33#33: exiting
2022/01/11 04:28:56 [notice] 31#31: exit
2022/01/11 04:28:56 [notice] 35#35: exiting
2022/01/11 04:28:56 [notice] 36#36: exiting
2022/01/11 04:28:56 [notice] 34#34: exit
2022/01/11 04:28:56 [notice] 32#32: exit
2022/01/11 04:28:56 [notice] 33#33: exit
2022/01/11 04:28:56 [notice] 35#35: exit
2022/01/11 04:28:56 [notice] 36#36: exit
2022/01/11 04:28:56 [notice] 37#37: gracefully shutting down
2022/01/11 04:28:56 [notice] 37#37: exiting
2022/01/11 04:28:56 [notice] 37#37: exit
2022/01/11 04:28:56 [notice] 1#1: signal 17 (SIGCHLD) received from 33
2022/01/11 04:28:56 [notice] 1#1: worker process 33 exited with code 0
2022/01/11 04:28:56 [notice] 1#1: signal 29 (SIGIO) received
2022/01/11 04:28:56 [notice] 1#1: signal 17 (SIGCHLD) received from 34
2022/01/11 04:28:56 [notice] 1#1: worker process 34 exited with code 0
2022/01/11 04:28:56 [notice] 1#1: signal 29 (SIGIO) received
2022/01/11 04:28:56 [notice] 1#1: signal 17 (SIGCHLD) received from 37
2022/01/11 04:28:56 [notice] 1#1: worker process 37 exited with code 0
2022/01/11 04:28:56 [notice] 1#1: signal 29 (SIGIO) received
2022/01/11 04:28:56 [notice] 1#1: signal 17 (SIGCHLD) received from 35
2022/01/11 04:28:56 [notice] 1#1: worker process 35 exited with code 0
2022/01/11 04:28:56 [notice] 1#1: signal 29 (SIGIO) received
2022/01/11 04:28:56 [notice] 1#1: signal 17 (SIGCHLD) received from 30
2022/01/11 04:28:56 [notice] 1#1: worker process 30 exited with code 0
2022/01/11 04:28:56 [notice] 1#1: signal 29 (SIGIO) received
2022/01/11 04:28:56 [notice] 1#1: signal 17 (SIGCHLD) received from 36
2022/01/11 04:28:56 [notice] 1#1: worker process 36 exited with code 0
2022/01/11 04:28:56 [notice] 1#1: signal 29 (SIGIO) received
2022/01/11 04:28:56 [notice] 1#1: signal 17 (SIGCHLD) received from 32
2022/01/11 04:28:56 [notice] 1#1: worker process 32 exited with code 0
2022/01/11 04:28:56 [notice] 1#1: signal 29 (SIGIO) received
2022/01/11 04:28:56 [notice] 1#1: signal 17 (SIGCHLD) received from 31
2022/01/11 04:28:56 [notice] 1#1: worker process 31 exited with code 0
2022/01/11 04:28:56 [notice] 1#1: exit
2022/01/12 02:35:31 [notice] 1#1: using the "epoll" event method
2022/01/12 02:35:31 [notice] 1#1: nginx/1.21.5
2022/01/12 02:35:31 [notice] 1#1: built by gcc 10.2.1 20210110 (Debian 10.2.1-6) 
2022/01/12 02:35:31 [notice] 1#1: OS: Linux 5.10.0-1055-oem
2022/01/12 02:35:31 [notice] 1#1: getrlimit(RLIMIT_NOFILE): 1048576:1048576
2022/01/12 02:35:31 [notice] 1#1: start worker processes
2022/01/12 02:35:31 [notice] 1#1: start worker process 30
2022/01/12 02:35:31 [notice] 1#1: start worker process 31
2022/01/12 02:35:31 [notice] 1#1: start worker process 32
2022/01/12 02:35:31 [notice] 1#1: start worker process 33
2022/01/12 02:35:31 [notice] 1#1: start worker process 34
2022/01/12 02:35:31 [notice] 1#1: start worker process 35
2022/01/12 02:35:31 [notice] 1#1: start worker process 36
2022/01/12 02:35:31 [notice] 1#1: start worker process 37
2022/01/12 04:39:49 [notice] 1#1: signal 3 (SIGQUIT) received, shutting down
2022/01/12 04:39:49 [notice] 30#30: gracefully shutting down
2022/01/12 04:39:49 [notice] 31#31: gracefully shutting down
2022/01/12 04:39:49 [notice] 32#32: gracefully shutting down
2022/01/12 04:39:49 [notice] 33#33: gracefully shutting down
2022/01/12 04:39:49 [notice] 34#34: gracefully shutting down
2022/01/12 04:39:49 [notice] 30#30: exiting
2022/01/12 04:39:49 [notice] 35#35: gracefully shutting down
2022/01/12 04:39:49 [notice] 31#31: exiting
2022/01/12 04:39:49 [notice] 36#36: gracefully shutting down
2022/01/12 04:39:49 [notice] 32#32: exiting
2022/01/12 04:39:49 [notice] 33#33: exiting
2022/01/12 04:39:49 [notice] 34#34: exiting
2022/01/12 04:39:49 [notice] 35#35: exiting
2022/01/12 04:39:49 [notice] 36#36: exiting
2022/01/12 04:39:49 [notice] 30#30: exit
2022/01/12 04:39:49 [notice] 31#31: exit
2022/01/12 04:39:49 [notice] 32#32: exit
2022/01/12 04:39:49 [notice] 34#34: exit
2022/01/12 04:39:49 [notice] 33#33: exit
2022/01/12 04:39:49 [notice] 35#35: exit
2022/01/12 04:39:49 [notice] 36#36: exit
2022/01/12 04:39:49 [notice] 37#37: gracefully shutting down
2022/01/12 04:39:49 [notice] 37#37: exiting
2022/01/12 04:39:49 [notice] 37#37: exit
2022/01/12 04:39:49 [notice] 1#1: signal 17 (SIGCHLD) received from 36
2022/01/12 04:39:49 [notice] 1#1: worker process 36 exited with code 0
2022/01/12 04:39:49 [notice] 1#1: signal 29 (SIGIO) received
2022/01/12 04:39:49 [notice] 1#1: signal 17 (SIGCHLD) received from 33
2022/01/12 04:39:49 [notice] 1#1: worker process 30 exited with code 0
2022/01/12 04:39:49 [notice] 1#1: worker process 33 exited with code 0
2022/01/12 04:39:49 [notice] 1#1: signal 29 (SIGIO) received
2022/01/12 04:39:49 [notice] 1#1: signal 17 (SIGCHLD) received from 32
2022/01/12 04:39:49 [notice] 1#1: worker process 32 exited with code 0
2022/01/12 04:39:49 [notice] 1#1: worker process 37 exited with code 0
2022/01/12 04:39:49 [notice] 1#1: signal 29 (SIGIO) received
2022/01/12 04:39:49 [notice] 1#1: signal 17 (SIGCHLD) received from 34
2022/01/12 04:39:49 [notice] 1#1: worker process 34 exited with code 0
2022/01/12 04:39:49 [notice] 1#1: worker process 35 exited with code 0
2022/01/12 04:39:49 [notice] 1#1: signal 29 (SIGIO) received
2022/01/12 04:39:49 [notice] 1#1: signal 17 (SIGCHLD) received from 31
2022/01/12 04:39:49 [notice] 1#1: worker process 31 exited with code 0
2022/01/12 04:39:49 [notice] 1#1: exit
2022/01/15 18:29:37 [notice] 1#1: using the "epoll" event method
2022/01/15 18:29:37 [notice] 1#1: nginx/1.21.5
2022/01/15 18:29:37 [notice] 1#1: built by gcc 10.2.1 20210110 (Debian 10.2.1-6) 
2022/01/15 18:29:37 [notice] 1#1: OS: Linux 5.10.0-1055-oem
2022/01/15 18:29:37 [notice] 1#1: getrlimit(RLIMIT_NOFILE): 1048576:1048576
2022/01/15 18:29:37 [notice] 1#1: start worker processes
2022/01/15 18:29:37 [notice] 1#1: start worker process 31
2022/01/15 18:29:37 [notice] 1#1: start worker process 32
2022/01/15 18:29:37 [notice] 1#1: start worker process 33
2022/01/15 18:29:37 [notice] 1#1: start worker process 34
2022/01/15 18:29:37 [notice] 1#1: start worker process 35
2022/01/15 18:29:37 [notice] 1#1: start worker process 36
2022/01/15 18:29:37 [notice] 1#1: start worker process 37
2022/01/15 18:29:37 [notice] 1#1: start worker process 38
2022/01/15 20:51:22 [notice] 1#1: signal 3 (SIGQUIT) received, shutting down
2022/01/15 20:51:22 [notice] 31#31: gracefully shutting down
2022/01/15 20:51:22 [notice] 32#32: gracefully shutting down
2022/01/15 20:51:22 [notice] 33#33: gracefully shutting down
2022/01/15 20:51:22 [notice] 34#34: gracefully shutting down
2022/01/15 20:51:22 [notice] 32#32: exiting
2022/01/15 20:51:22 [notice] 35#35: gracefully shutting down
2022/01/15 20:51:22 [notice] 31#31: exiting
2022/01/15 20:51:22 [notice] 37#37: gracefully shutting down
2022/01/15 20:51:22 [notice] 38#38: gracefully shutting down
2022/01/15 20:51:22 [notice] 33#33: exiting
2022/01/15 20:51:22 [notice] 34#34: exiting
2022/01/15 20:51:22 [notice] 35#35: exiting
2022/01/15 20:51:22 [notice] 37#37: exiting
2022/01/15 20:51:22 [notice] 38#38: exiting
2022/01/15 20:51:22 [notice] 32#32: exit
2022/01/15 20:51:22 [notice] 31#31: exit
2022/01/15 20:51:22 [notice] 35#35: exit
2022/01/15 20:51:22 [notice] 33#33: exit
2022/01/15 20:51:22 [notice] 34#34: exit
2022/01/15 20:51:22 [notice] 37#37: exit
2022/01/15 20:51:22 [notice] 38#38: exit
2022/01/15 20:51:22 [notice] 36#36: gracefully shutting down
2022/01/15 20:51:22 [notice] 36#36: exiting
2022/01/15 20:51:22 [notice] 36#36: exit
2022/01/15 20:51:22 [notice] 1#1: signal 17 (SIGCHLD) received from 37
2022/01/15 20:51:22 [notice] 1#1: worker process 37 exited with code 0
2022/01/15 20:51:22 [notice] 1#1: signal 29 (SIGIO) received
2022/01/15 20:51:22 [notice] 1#1: signal 17 (SIGCHLD) received from 36
2022/01/15 20:51:22 [notice] 1#1: worker process 34 exited with code 0
2022/01/15 20:51:22 [notice] 1#1: worker process 36 exited with code 0
2022/01/15 20:51:22 [notice] 1#1: worker process 38 exited with code 0
2022/01/15 20:51:22 [notice] 1#1: signal 29 (SIGIO) received
2022/01/15 20:51:22 [notice] 1#1: signal 17 (SIGCHLD) received from 34
2022/01/15 20:51:22 [notice] 1#1: signal 17 (SIGCHLD) received from 33
2022/01/15 20:51:22 [notice] 1#1: worker process 33 exited with code 0
2022/01/15 20:51:22 [notice] 1#1: signal 29 (SIGIO) received
2022/01/15 20:51:22 [notice] 1#1: signal 17 (SIGCHLD) received from 32
2022/01/15 20:51:22 [notice] 1#1: worker process 32 exited with code 0
2022/01/15 20:51:22 [notice] 1#1: signal 29 (SIGIO) received
2022/01/15 20:51:22 [notice] 1#1: signal 17 (SIGCHLD) received from 35
2022/01/15 20:51:22 [notice] 1#1: worker process 35 exited with code 0
2022/01/15 20:51:22 [notice] 1#1: signal 29 (SIGIO) received
2022/01/15 20:51:22 [notice] 1#1: signal 17 (SIGCHLD) received from 31
2022/01/15 20:51:22 [notice] 1#1: worker process 31 exited with code 0
2022/01/15 20:51:22 [notice] 1#1: exit
2022/01/16 00:58:23 [notice] 1#1: using the "epoll" event method
2022/01/16 00:58:23 [notice] 1#1: nginx/1.21.5
2022/01/16 00:58:23 [notice] 1#1: built by gcc 10.2.1 20210110 (Debian 10.2.1-6) 
2022/01/16 00:58:23 [notice] 1#1: OS: Linux 5.10.0-1055-oem
2022/01/16 00:58:23 [notice] 1#1: getrlimit(RLIMIT_NOFILE): 1048576:1048576
2022/01/16 00:58:23 [notice] 1#1: start worker processes
2022/01/16 00:58:23 [notice] 1#1: start worker process 30
2022/01/16 00:58:23 [notice] 1#1: start worker process 31
2022/01/16 00:58:23 [notice] 1#1: start worker process 32
2022/01/16 00:58:23 [notice] 1#1: start worker process 33
2022/01/16 00:58:23 [notice] 1#1: start worker process 34
2022/01/16 00:58:23 [notice] 1#1: start worker process 35
2022/01/16 00:58:23 [notice] 1#1: start worker process 36
2022/01/16 00:58:23 [notice] 1#1: start worker process 37
2022/01/16 06:05:58 [notice] 1#1: signal 3 (SIGQUIT) received, shutting down
2022/01/16 06:05:58 [notice] 31#31: gracefully shutting down
2022/01/16 06:05:58 [notice] 32#32: gracefully shutting down
2022/01/16 06:05:58 [notice] 34#34: gracefully shutting down
2022/01/16 06:05:58 [notice] 33#33: gracefully shutting down
2022/01/16 06:05:58 [notice] 35#35: gracefully shutting down
2022/01/16 06:05:58 [notice] 36#36: gracefully shutting down
2022/01/16 06:05:58 [notice] 31#31: exiting
2022/01/16 06:05:58 [notice] 37#37: gracefully shutting down
2022/01/16 06:05:58 [notice] 32#32: exiting
2022/01/16 06:05:58 [notice] 34#34: exiting
2022/01/16 06:05:58 [notice] 33#33: exiting
2022/01/16 06:05:58 [notice] 35#35: exiting
2022/01/16 06:05:58 [notice] 36#36: exiting
2022/01/16 06:05:58 [notice] 37#37: exiting
2022/01/16 06:05:58 [notice] 31#31: exit
2022/01/16 06:05:58 [notice] 34#34: exit
2022/01/16 06:05:58 [notice] 32#32: exit
2022/01/16 06:05:58 [notice] 33#33: exit
2022/01/16 06:05:58 [notice] 36#36: exit
2022/01/16 06:05:58 [notice] 35#35: exit
2022/01/16 06:05:58 [notice] 37#37: exit
2022/01/16 06:05:58 [notice] 30#30: gracefully shutting down
2022/01/16 06:05:58 [notice] 30#30: exiting
2022/01/16 06:05:58 [notice] 30#30: exit
2022/01/16 06:05:58 [notice] 1#1: signal 17 (SIGCHLD) received from 31
2022/01/16 06:05:58 [notice] 1#1: worker process 31 exited with code 0
2022/01/16 06:05:58 [notice] 1#1: worker process 33 exited with code 0
2022/01/16 06:05:58 [notice] 1#1: worker process 36 exited with code 0
2022/01/16 06:05:58 [notice] 1#1: signal 29 (SIGIO) received
2022/01/16 06:05:58 [notice] 1#1: signal 17 (SIGCHLD) received from 32
2022/01/16 06:05:58 [notice] 1#1: worker process 32 exited with code 0
2022/01/16 06:05:58 [notice] 1#1: signal 29 (SIGIO) received
2022/01/16 06:05:58 [notice] 1#1: signal 17 (SIGCHLD) received from 35
2022/01/16 06:05:58 [notice] 1#1: worker process 34 exited with code 0
2022/01/16 06:05:58 [notice] 1#1: worker process 35 exited with code 0
2022/01/16 06:05:58 [notice] 1#1: worker process 37 exited with code 0
2022/01/16 06:05:58 [notice] 1#1: signal 29 (SIGIO) received
2022/01/16 06:05:58 [notice] 1#1: signal 17 (SIGCHLD) received from 30
2022/01/16 06:05:58 [notice] 1#1: worker process 30 exited with code 0
2022/01/16 06:05:58 [notice] 1#1: exit
